[debug] [2020-05-14T16:43:25.389Z] ----------------------------------------------------------------------
[debug] [2020-05-14T16:43:25.394Z] Command:       C:\Program Files\nodejs\node.exe C:\Users\manalid668\AppData\Roaming\npm\node_modules\firebase-tools\lib\bin\firebase.js init
[debug] [2020-05-14T16:43:25.396Z] CLI Version:   8.2.0
[debug] [2020-05-14T16:43:25.396Z] Platform:      win32
[debug] [2020-05-14T16:43:25.396Z] Node Version:  v10.16.0
[debug] [2020-05-14T16:43:25.398Z] Time:          Thu May 14 2020 22:13:25 GMT+0530 (India Standard Time)
[debug] [2020-05-14T16:43:25.399Z] ----------------------------------------------------------------------
[debug] [2020-05-14T16:43:25.399Z] 
[debug] [2020-05-14T16:43:25.420Z] > command requires scopes: ["email","openid","https://www.googleapis.com/auth/cloudplatformprojects.readonly","https://www.googleapis.com/auth/firebase","https://www.googleapis.com/auth/cloud-platform"]
[debug] [2020-05-14T16:43:25.422Z] > authorizing via signed-in user
[info] 
     ######## #### ########  ######## ########     ###     ######  ########
     ##        ##  ##     ## ##       ##     ##  ##   ##  ##       ##
     ######    ##  ########  ######   ########  #########  ######  ######
     ##        ##  ##    ##  ##       ##     ## ##     ##       ## ##
     ##       #### ##     ## ######## ########  ##     ##  ######  ########

You're about to initialize a Firebase project in this directory:

  C:\Users\manalid668\Desktop\MyAngularWorks\AddToCartApplication

[info] 
=== Project Setup
[info] 
[info] First, let's associate this project directory with a Firebase project.
[info] You can create multiple project aliases by running firebase use --add, 
[info] but for now we'll just set up a default project.
[info] 
[info] i  If you want to create a project in a Google Cloud organization or folder, please use "firebase projects:create" instead, and return to this command when you've created the project.
[debug] [2020-05-14T16:44:58.059Z] >>> HTTP REQUEST POST https://cloudresourcemanager.googleapis.com/v1/projects  
 {"projectId":"firebase projects:create","name":"addToCart"}
[debug] [2020-05-14T16:44:59.482Z] Server Error. self signed certificate in certificate chain
[debug] [2020-05-14T16:44:59.947Z] FirebaseError: Server Error. self signed certificate in certificate chain
    at Request._callback (C:\Users\manalid668\AppData\Roaming\npm\node_modules\firebase-tools\lib\api.js:32:31)
    at self.callback (C:\Users\manalid668\AppData\Roaming\npm\node_modules\firebase-tools\node_modules\request\request.js:185:22)
    at Request.emit (events.js:198:13)
    at Request.EventEmitter.emit (domain.js:448:20)
    at Request.onRequestError (C:\Users\manalid668\AppData\Roaming\npm\node_modules\firebase-tools\node_modules\request\request.js:877:8)
    at ClientRequest.emit (events.js:203:15)
    at ClientRequest.EventEmitter.emit (domain.js:448:20)
    at TLSSocket.socketErrorListener (_http_client.js:392:9)
    at TLSSocket.emit (events.js:198:13)
    at TLSSocket.EventEmitter.emit (domain.js:448:20)
    at emitErrorNT (internal/streams/destroy.js:91:8)
    at emitErrorAndCloseNT (internal/streams/destroy.js:59:3)
    at process._tickCallback (internal/process/next_tick.js:63:19)
[error] 
[error] Error: Failed to create Google Cloud project. See firebase-debug.log for more info.
